# JRE version: Java(TM) SE Runtime Environment (8.0_111-b14) (build 1.8.0_111-b14)
# Java VM: Java HotSpot(TM) 64-Bit Server VM (25.111-b14 mixed mode windows-amd64 compressed oops)
Heap:
 PSYoungGen      total 302080K, used 191019K [0x000000076af00000, 0x0000000781100000, 0x00000007c0000000)
  eden space 278528K, 68% used [0x000000076af00000,0x000000077698ae18,0x000000077bf00000)
  from space 23552K, 0% used [0x000000077d580000,0x000000077d580000,0x000000077ec80000)
  to   space 23040K, 0% used [0x000000077bf00000,0x000000077bf00000,0x000000077d580000)
 ParOldGen       total 204800K, used 20092K [0x00000006c0c00000, 0x00000006cd400000, 0x000000076af00000)
  object space 204800K, 9% used [0x00000006c0c00000,0x00000006c1f9f210,0x00000006cd400000)
 Metaspace       used 67626K, capacity 72136K, committed 72320K, reserved 1112064K
  class space    used 9275K, capacity 10023K, committed 10112K, reserved 1048576K
GC Heap History (10 events):
Event: 2.167 GC heap before
{Heap before GC invocations=5 (full 1):
 PSYoungGen      total 141824K, used 128936K [0x000000076af00000, 0x0000000778780000, 0x00000007c0000000)
  eden space 131072K, 92% used [0x000000076af00000,0x0000000772564d58,0x0000000772f00000)
  from space 10752K, 71% used [0x0000000772f00000,0x0000000773685640,0x0000000773980000)
  to   space 10752K, 0% used [0x0000000777d00000,0x0000000777d00000,0x0000000778780000)
 ParOldGen       total 100864K, used 7986K [0x00000006c0c00000, 0x00000006c6e80000, 0x000000076af00000)
  object space 100864K, 7% used [0x00000006c0c00000,0x00000006c13cca80,0x00000006c6e80000)
 Metaspace       used 33114K, capacity 35332K, committed 35416K, reserved 1079296K
  class space    used 4363K, capacity 4793K, committed 4864K, reserved 1048576K
Event: 2.176 GC heap after
Heap after GC invocations=5 (full 1):
 PSYoungGen      total 205312K, used 10742K [0x000000076af00000, 0x0000000778780000, 0x00000007c0000000)
  eden space 194560K, 0% used [0x000000076af00000,0x000000076af00000,0x0000000776d00000)
  from space 10752K, 99% used [0x0000000777d00000,0x000000077877da28,0x0000000778780000)
  to   space 10752K, 0% used [0x0000000777280000,0x0000000777280000,0x0000000777d00000)
 ParOldGen       total 100864K, used 13097K [0x00000006c0c00000, 0x00000006c6e80000, 0x000000076af00000)
  object space 100864K, 12% used [0x00000006c0c00000,0x00000006c18ca7f8,0x00000006c6e80000)
 Metaspace       used 33114K, capacity 35332K, committed 35416K, reserved 1079296K
  class space    used 4363K, capacity 4793K, committed 4864K, reserved 1048576K
}
Event: 2.176 GC heap before
{Heap before GC invocations=6 (full 2):
 PSYoungGen      total 205312K, used 10742K [0x000000076af00000, 0x0000000778780000, 0x00000007c0000000)
  eden space 194560K, 0% used [0x000000076af00000,0x000000076af00000,0x0000000776d00000)
  from space 10752K, 99% used [0x0000000777d00000,0x000000077877da28,0x0000000778780000)
  to   space 10752K, 0% used [0x0000000777280000,0x0000000777280000,0x0000000777d00000)
 ParOldGen       total 100864K, used 13097K [0x00000006c0c00000, 0x00000006c6e80000, 0x000000076af00000)
  object space 100864K, 12% used [0x00000006c0c00000,0x00000006c18ca7f8,0x00000006c6e80000)
 Metaspace       used 33114K, capacity 35332K, committed 35416K, reserved 1079296K
  class space    used 4363K, capacity 4793K, committed 4864K, reserved 1048576K
Event: 2.206 GC heap after
Heap after GC invocations=6 (full 2):
 PSYoungGen      total 205312K, used 0K [0x000000076af00000, 0x0000000778780000, 0x00000007c0000000)
  eden space 194560K, 0% used [0x000000076af00000,0x000000076af00000,0x0000000776d00000)
  from space 10752K, 0% used [0x0000000777d00000,0x0000000777d00000,0x0000000778780000)
  to   space 10752K, 0% used [0x0000000777280000,0x0000000777280000,0x0000000777d00000)
 ParOldGen       total 164864K, used 19984K [0x00000006c0c00000, 0x00000006cad00000, 0x000000076af00000)
  object space 164864K, 12% used [0x00000006c0c00000,0x00000006c1f843f8,0x00000006cad00000)
 Metaspace       used 33114K, capacity 35332K, committed 35416K, reserved 1079296K
  class space    used 4363K, capacity 4793K, committed 4864K, reserved 1048576K
}
Event: 7.643 GC heap before
{Heap before GC invocations=7 (full 2):
 PSYoungGen      total 205312K, used 194560K [0x000000076af00000, 0x0000000778780000, 0x00000007c0000000)
  eden space 194560K, 100% used [0x000000076af00000,0x0000000776d00000,0x0000000776d00000)
  from space 10752K, 0% used [0x0000000777d00000,0x0000000777d00000,0x0000000778780000)
  to   space 10752K, 0% used [0x0000000777280000,0x0000000777280000,0x0000000777d00000)
 ParOldGen       total 164864K, used 19984K [0x00000006c0c00000, 0x00000006cad00000, 0x000000076af00000)
  object space 164864K, 12% used [0x00000006c0c00000,0x00000006c1f843f8,0x00000006cad00000)
 Metaspace       used 54725K, capacity 57818K, committed 57984K, reserved 1099776K
  class space    used 7500K, capacity 8041K, committed 8064K, reserved 1048576K
Event: 7.657 GC heap after
Heap after GC invocations=7 (full 2):
 PSYoungGen      total 210944K, used 10732K [0x000000076af00000, 0x000000077ec80000, 0x00000007c0000000)
  eden space 200192K, 0% used [0x000000076af00000,0x000000076af00000,0x0000000777280000)
  from space 10752K, 99% used [0x0000000777280000,0x0000000777cfb1b0,0x0000000777d00000)
  to   space 23552K, 0% used [0x000000077d580000,0x000000077d580000,0x000000077ec80000)
 ParOldGen       total 164864K, used 32538K [0x00000006c0c00000, 0x00000006cad00000, 0x000000076af00000)
  object space 164864K, 19% used [0x00000006c0c00000,0x00000006c2bc6928,0x00000006cad00000)
 Metaspace       used 54725K, capacity 57818K, committed 57984K, reserved 1099776K
  class space    used 7500K, capacity 8041K, committed 8064K, reserved 1048576K
}
Event: 7.737 GC heap before
{Heap before GC invocations=8 (full 2):
 PSYoungGen      total 210944K, used 31664K [0x000000076af00000, 0x000000077ec80000, 0x00000007c0000000)
  eden space 200192K, 10% used [0x000000076af00000,0x000000076c370e60,0x0000000777280000)
  from space 10752K, 99% used [0x0000000777280000,0x0000000777cfb1b0,0x0000000777d00000)
  to   space 23552K, 0% used [0x000000077d580000,0x000000077d580000,0x000000077ec80000)
 ParOldGen       total 164864K, used 32538K [0x00000006c0c00000, 0x00000006cad00000, 0x000000076af00000)
  object space 164864K, 19% used [0x00000006c0c00000,0x00000006c2bc6928,0x00000006cad00000)
 Metaspace       used 55583K, capacity 58870K, committed 59008K, reserved 1099776K
  class space    used 7635K, capacity 8199K, committed 8320K, reserved 1048576K
Event: 7.743 GC heap after
Heap after GC invocations=8 (full 2):
 PSYoungGen      total 302080K, used 8345K [0x000000076af00000, 0x0000000781100000, 0x00000007c0000000)
  eden space 278528K, 0% used [0x000000076af00000,0x000000076af00000,0x000000077bf00000)
  from space 23552K, 35% used [0x000000077d580000,0x000000077dda6480,0x000000077ec80000)
  to   space 23040K, 0% used [0x000000077bf00000,0x000000077bf00000,0x000000077d580000)
 ParOldGen       total 164864K, used 32546K [0x00000006c0c00000, 0x00000006cad00000, 0x000000076af00000)
  object space 164864K, 19% used [0x00000006c0c00000,0x00000006c2bc8928,0x00000006cad00000)
 Metaspace       used 55583K, capacity 58870K, committed 59008K, reserved 1099776K
  class space    used 7635K, capacity 8199K, committed 8320K, reserved 1048576K
}
Event: 7.743 GC heap before
{Heap before GC invocations=9 (full 3):
 PSYoungGen      total 302080K, used 8345K [0x000000076af00000, 0x0000000781100000, 0x00000007c0000000)
  eden space 278528K, 0% used [0x000000076af00000,0x000000076af00000,0x000000077bf00000)
  from space 23552K, 35% used [0x000000077d580000,0x000000077dda6480,0x000000077ec80000)
  to   space 23040K, 0% used [0x000000077bf00000,0x000000077bf00000,0x000000077d580000)
 ParOldGen       total 164864K, used 32546K [0x00000006c0c00000, 0x00000006cad00000, 0x000000076af00000)
  object space 164864K, 19% used [0x00000006c0c00000,0x00000006c2bc8928,0x00000006cad00000)
 Metaspace       used 55583K, capacity 58870K, committed 59008K, reserved 1099776K
  class space    used 7635K, capacity 8199K, committed 8320K, reserved 1048576K
Event: 7.824 GC heap after
Heap after GC invocations=9 (full 3):
 PSYoungGen      total 302080K, used 0K [0x000000076af00000, 0x0000000781100000, 0x00000007c0000000)
  eden space 278528K, 0% used [0x000000076af00000,0x000000076af00000,0x000000077bf00000)
  from space 23552K, 0% used [0x000000077d580000,0x000000077d580000,0x000000077ec80000)
  to   space 23040K, 0% used [0x000000077bf00000,0x000000077bf00000,0x000000077d580000)
 ParOldGen       total 204800K, used 20092K [0x00000006c0c00000, 0x00000006cd400000, 0x000000076af00000)
  object space 204800K, 9% used [0x00000006c0c00000,0x00000006c1f9f210,0x00000006cd400000)
 Metaspace       used 55583K, capacity 58870K, committed 59008K, reserved 1099776K
  class space    used 7635K, capacity 8199K, committed 8320K, reserved 1048576K
}

